--- Copying files at Sun May 18 20:17:32 UTC 2025
--- Copied files finished at Sun May 18 20:17:32 UTC 2025
--- Copying files at Sun May 18 20:33:08 UTC 2025
--- Copied files finished at Sun May 18 20:33:08 UTC 2025
--- Copying files at Sun May 18 20:36:31 UTC 2025
--- Copied files finished at Sun May 18 20:36:31 UTC 2025
--- Copying files at Sun May 18 20:38:37 UTC 2025
--- Copied files finished at Sun May 18 20:38:37 UTC 2025
--- Copying files at Mon May 19 09:01:37 UTC 2025
--- Copied files finished at Mon May 19 09:01:37 UTC 2025
--- Copying files at Mon May 19 09:30:16 UTC 2025
--- Copied files finished at Mon May 19 09:30:16 UTC 2025
--- Copying files at Mon May 19 23:42:29 UTC 2025
--- Copied files finished at Mon May 19 23:42:29 UTC 2025
--- Copying files at Mon May 19 23:52:28 UTC 2025
--- Copied files finished at Mon May 19 23:52:28 UTC 2025
--- Copying files at Tue May 20 14:42:14 UTC 2025
--- Copied files finished at Tue May 20 14:42:14 UTC 2025
--- Copying files at Tue May 20 21:49:15 UTC 2025
--- Copied files finished at Tue May 20 21:49:15 UTC 2025
--- Copying files at Tue May 20 23:02:01 UTC 2025
--- Copied files finished at Tue May 20 23:02:01 UTC 2025
--- Copying files at Thu May 22 00:38:06 UTC 2025
--- Copied files finished at Thu May 22 00:38:06 UTC 2025
--- Copying files at Thu May 22 02:13:13 UTC 2025
--- Copied files finished at Thu May 22 02:13:13 UTC 2025
--- Copying files at Thu May 22 02:18:40 UTC 2025
--- Copied files finished at Thu May 22 02:18:40 UTC 2025
--- Copying files at Thu May 22 02:23:03 UTC 2025
--- Copied files finished at Thu May 22 02:23:03 UTC 2025
--- Copying files at Thu May 22 02:27:21 UTC 2025
--- Copied files finished at Thu May 22 02:27:21 UTC 2025
--- Copying files at Thu May 22 05:09:30 UTC 2025
--- Copied files finished at Thu May 22 05:09:30 UTC 2025
--- Copying files at Thu May 22 05:11:52 UTC 2025
--- Copied files finished at Thu May 22 05:11:52 UTC 2025
--- Copying files at Thu May 22 06:14:18 UTC 2025
--- Copied files finished at Thu May 22 06:14:18 UTC 2025
--- Copying files at Thu May 22 14:43:24 UTC 2025
--- Copied files finished at Thu May 22 14:43:24 UTC 2025
--- Copying files at Thu May 22 14:53:32 UTC 2025
--- Copied files finished at Thu May 22 14:53:32 UTC 2025
--- Copying files at Thu May 22 14:55:16 UTC 2025
--- Copied files finished at Thu May 22 14:55:16 UTC 2025
--- Copying files at Thu May 22 16:21:57 UTC 2025
--- Copied files finished at Thu May 22 16:21:57 UTC 2025
--- Copying files at Sun May 25 02:10:34 UTC 2025
--- Copied files finished at Sun May 25 02:10:34 UTC 2025
--- Copying files at Sun May 25 03:11:43 UTC 2025
--- Copied files finished at Sun May 25 03:11:43 UTC 2025
--- Copying files at Sun May 25 03:14:07 UTC 2025
--- Copied files finished at Sun May 25 03:14:07 UTC 2025
